2025-04-27 18:03:31,085 | frontend.flask |INFO | Yes, everyone saw that. No, you can't undo it.
2025-04-27 18:03:31,085 | frontend.flask |WARNING | Too many browser tabs. One is now sentient.
2025-04-27 18:03:31,086 | frontend |INFO | Tried to operate before coffee. Not permitted.
2025-04-27 18:03:31,087 | frontend.js |CRITICAL | This seemed like a good idea 3 hours ago.
2025-04-27 18:03:31,088 | frontend.flask.layer |INFO | This seemed like a good idea 3 hours ago.
2025-04-27 18:03:31,088 | frontend |CRITICAL | Uncaught exception in user behavior.
2025-04-27 18:03:31,089 | frontend.flask |ERROR | Uncaught exception in user behavior.
2025-04-27 18:03:31,089 | frontend |CRITICAL | The system has given up. Please proceed manually.
2025-04-27 18:03:31,089 | frontend.flask.layer |CRITICAL | The system has given up. Please proceed manually.
2025-04-27 18:03:31,090 | frontend |CRITICAL | Confidence.exe unexpectedly closed.
2025-04-27 18:03:31,090 | frontend.flask |WARNING | Tried to operate before coffee. Not permitted.
2025-04-27 18:03:31,091 | frontend.js |INFO | Confidence.exe unexpectedly closed.
2025-04-27 18:03:31,091 | frontend.flask |CRITICAL | Too many browser tabs. One is now sentient.
2025-04-27 18:03:31,091 | frontend.flask |CRITICAL | Recollection of why you walked into the room not available.
2025-04-27 18:03:31,091 | frontend.flask.layer |INFO | The system has given up. Please proceed manually.
2025-04-27 18:03:31,092 | frontend.js |INFO | Your ambition has been archived or deleted.
2025-04-27 18:03:31,092 | frontend |CRITICAL | Thought process overflowed into dream state.
2025-04-27 18:03:31,092 | frontend.flask.layer |INFO | Too many recursive thoughts.
2025-04-27 18:03:31,093 | frontend |ERROR | Recollection of why you walked into the room not available.
2025-04-27 18:03:31,093 | frontend.flask |INFO | No idea what you're doing.
2025-04-27 18:03:31,093 | frontend.flask.layer |INFO | Tried to operate before coffee. Not permitted.
2025-04-27 18:03:31,093 | frontend |INFO | You can't just do that because you feel like it.
2025-04-27 18:03:31,093 | frontend.js |ERROR | You argued with someone on the internet.
2025-04-27 18:03:31,094 | frontend.flask |ERROR | You've been idle for 3 hours. We assumed you were crying.
2025-04-27 18:03:31,094 | frontend.flask |WARNING | Tried to operate before coffee. Not permitted.
2025-04-27 18:03:31,094 | frontend.js |WARNING | Task completion not found.
2025-04-27 18:03:31,095 | frontend.js |INFO | Task completion not found.
2025-04-27 18:03:31,095 | frontend.flask.layer |ERROR | Thought process overflowed into dream state.
2025-04-27 18:03:31,095 | frontend |INFO | Tried to operate before coffee. Not permitted.
2025-04-27 18:03:31,095 | frontend.flask |WARNING | No idea what you're doing.
2025-04-27 18:03:31,095 | frontend.js |INFO | Recollection of why you walked into the room not available.
2025-04-27 18:03:31,096 | frontend.js |ERROR | You can't just do that because you feel like it.
2025-04-27 18:03:31,096 | frontend.js |CRITICAL | Recollection of why you walked into the room not available.
