2025-04-11 20:06:50,159 - sqldb - WARNING - Query execution timeout
2025-04-11 20:06:50,159 - sqldb - ERROR - Disk failure detected
2025-04-11 20:06:50,159 - sqldb - INFO - Database corruption detected
2025-04-11 20:06:50,159 - sqldb - INFO - Disk failure detected
2025-04-11 20:06:50,159 - sqldb - CRITICAL - Query execution timeout
2025-04-11 20:06:50,159 - sqldb - CRITICAL - Disk failure detected
2025-04-11 20:06:50,159 - sqldb - WARNING - Database connection established
2025-04-11 20:06:50,159 - sqldb - CRITICAL - Database connection established
2025-04-11 20:06:50,159 - sqldb - CRITICAL - Disk failure detected
2025-04-11 20:06:50,159 - sqldb - INFO - Query execution timeout
2025-04-11 20:14:24,935 - sqldb - WARNING - Disk failure detected
2025-04-11 20:14:24,935 - sqldb - WARNING - Disk failure detected
2025-04-11 20:14:24,936 - sqldb - CRITICAL - Query execution timeout
2025-04-11 20:14:24,936 - sqldb - CRITICAL - Query execution timeout
2025-04-11 20:14:24,936 - sqldb - INFO - Disk failure detected
2025-04-11 20:14:24,936 - sqldb - INFO - Disk failure detected
2025-04-11 20:14:24,936 - sqldb - ERROR - Database corruption detected
2025-04-11 20:14:24,936 - sqldb - ERROR - Database corruption detected
2025-04-11 20:14:24,936 - sqldb - WARNING - Query execution timeout
2025-04-11 20:14:24,936 - sqldb - WARNING - Query execution timeout
2025-04-11 20:14:24,936 - sqldb - ERROR - Disk failure detected
2025-04-11 20:14:24,936 - sqldb - ERROR - Disk failure detected
2025-04-11 20:14:24,937 - sqldb - INFO - Database corruption detected
2025-04-11 20:14:24,937 - sqldb - INFO - Database corruption detected
2025-04-11 20:14:24,937 - sqldb - WARNING - Disk failure detected
2025-04-11 20:14:24,937 - sqldb - WARNING - Disk failure detected
2025-04-11 20:14:24,937 - sqldb - WARNING - Query execution timeout
2025-04-11 20:14:24,937 - sqldb - WARNING - Query execution timeout
2025-04-11 20:14:24,937 - sqldb - INFO - Database corruption detected
2025-04-11 20:14:24,937 - sqldb - INFO - Database corruption detected
