2025-04-11 20:06:50,159 - ui - ERROR - Button click event not handled
2025-04-11 20:06:50,159 - ui - WARNING - Critical UI failure detected
2025-04-11 20:06:50,159 - ui - INFO - Button click event not handled
2025-04-11 20:06:50,159 - ui - INFO - User interface loaded successfully
2025-04-11 20:06:50,160 - ui - INFO - User interface loaded successfully
2025-04-11 20:06:50,160 - ui - WARNING - Critical UI failure detected
2025-04-11 20:06:50,160 - ui - INFO - User interface loaded successfully
2025-04-11 20:06:50,160 - ui - CRITICAL - Critical UI failure detected
2025-04-11 20:06:50,160 - ui - INFO - User interface loaded successfully
2025-04-11 20:06:50,160 - ui - WARNING - UI component failed to render
2025-04-11 20:14:24,937 - ui - WARNING - UI component failed to render
2025-04-11 20:14:24,937 - ui - WARNING - UI component failed to render
2025-04-11 20:14:24,937 - ui - ERROR - User interface loaded successfully
2025-04-11 20:14:24,937 - ui - ERROR - User interface loaded successfully
2025-04-11 20:14:24,937 - ui - INFO - UI component failed to render
2025-04-11 20:14:24,937 - ui - INFO - UI component failed to render
2025-04-11 20:14:24,937 - ui - ERROR - Critical UI failure detected
2025-04-11 20:14:24,937 - ui - ERROR - Critical UI failure detected
2025-04-11 20:14:24,937 - ui - WARNING - User interface loaded successfully
2025-04-11 20:14:24,937 - ui - WARNING - User interface loaded successfully
2025-04-11 20:14:24,938 - ui - INFO - User interface loaded successfully
2025-04-11 20:14:24,938 - ui - INFO - User interface loaded successfully
2025-04-11 20:14:24,938 - ui - CRITICAL - Button click event not handled
2025-04-11 20:14:24,938 - ui - CRITICAL - Button click event not handled
2025-04-11 20:14:24,938 - ui - INFO - Button click event not handled
2025-04-11 20:14:24,938 - ui - INFO - Button click event not handled
2025-04-11 20:14:24,938 - ui - WARNING - User interface loaded successfully
2025-04-11 20:14:24,938 - ui - WARNING - User interface loaded successfully
2025-04-11 20:14:24,938 - ui - WARNING - Critical UI failure detected
2025-04-11 20:14:24,938 - ui - WARNING - Critical UI failure detected
